<?xml version="1.0" encoding="UTF-8"?>
<!-- Generated by org.testng.reporters.JUnitXMLReporter -->
<testsuite ignored="0" hostname="Ravi" failures="1" tests="3" name="Test" time="18.537" errors="0" timestamp="2025-06-06T12:26:13 IST">
  <testcase classname="TestNG_D3.OrangeHRM1" name="testTitle" time="0.051">
    <failure type="java.lang.AssertionError" message="expected [OrangeHRM] but found [OranHRM]">
      <![CDATA[java.lang.AssertionError: expected [OrangeHRM] but found [OranHRM]
at TestNG_D3.OrangeHRM1.testTitle(OrangeHRM1.java:31)
at java.base/java.util.ArrayList.forEach(ArrayList.java:1596)
... Removed 31 stack frames]]>
    </failure>
  </testcase> <!-- testTitle -->
  <testcase classname="TestNG_D3.OrangeHRM1" name="testURL" time="0.001">
    <skipped/>
  </testcase> <!-- testURL -->
  <testcase classname="TestNG_D3.OrangeHRM1" name="testlogin" time="5.613"/>
</testsuite> <!-- Test -->
