<?xml version="1.0" encoding="UTF-8"?>
<testng-results ignored="0" total="2" passed="2" failed="0" skipped="0">
  <reporter-output>
  </reporter-output>
  <suite started-at="2025-06-08T12:30:12 IST" name="Default suite" finished-at="2025-06-08T12:30:13 IST" duration-ms="422">
    <groups>
    </groups>
    <test started-at="2025-06-08T12:30:12 IST" name="Default test" finished-at="2025-06-08T12:30:13 IST" duration-ms="422">
      <class name="Page_Object_Model.Fake_Data_Generator">
        <test-method signature="randomUtils()[pri:0, instance:Page_Object_Model.Fake_Data_Generator@65fb9ffc]" started-at="2025-06-08T12:30:12 IST" name="randomUtils" finished-at="2025-06-08T12:30:12 IST" duration-ms="28" status="PASS">
          <reporter-output>
          </reporter-output>
        </test-method> <!-- randomUtils -->
        <test-method signature="test_FakeData()[pri:0, instance:Page_Object_Model.Fake_Data_Generator@65fb9ffc]" started-at="2025-06-08T12:30:12 IST" name="test_FakeData" finished-at="2025-06-08T12:30:13 IST" duration-ms="315" status="PASS">
          <reporter-output>
          </reporter-output>
        </test-method> <!-- test_FakeData -->
      </class> <!-- Page_Object_Model.Fake_Data_Generator -->
    </test> <!-- Default test -->
  </suite> <!-- Default suite -->
</testng-results>
